<?xml version="1.0" encoding="UTF-8"?>
<!-- Generated by org.testng.reporters.JUnitXMLReporter -->
<testsuite hostname="Entertainment" name="Test" tests="4" failures="1" timestamp="6 Apr 2017 04:15:14 GMT" time="12.716" errors="0">
  <testcase name="testHomePageLogo" time="2.091" classname="com.sheth.test.HomePageTest"/>
  <testcase name="testNavLinks" time="0.05" classname="com.sheth.test.HomePageTest"/>
  <testcase name="testSearchBox" time="4.678" classname="com.sheth.test.HomePageTest">
    <failure type="java.lang.AssertionError" message="expected [com.sheth.page.SearchPage@15bb5034] but found [com.sheth.page.SearchPage@7db12bb6]">
      <![CDATA[java.lang.AssertionError: expected [com.sheth.page.SearchPage@15bb5034] but found [com.sheth.page.SearchPage@7db12bb6]
	at com.sheth.test.HomePageTest.testSearchBox(HomePageTest.java:34)
... Removed 29 stack frames]]>
    </failure>
  </testcase> <!-- testSearchBox -->
  <testcase name="testSignInLink" time="5.835" classname="com.sheth.test.HomePageTest"/>
</testsuite> <!-- Test -->
