<?xml version="1.0" encoding="UTF-8"?>
<testng-results skipped="0" failed="3" total="11" passed="8">
  <reporter-output>
  </reporter-output>
  <suite name="Suite" duration-ms="0" started-at="2017-04-06T04:16:20Z" finished-at="2017-04-06T04:16:20Z">
    <groups>
    </groups>
  </suite> <!-- Suite -->
  <suite name="Suite (1)" duration-ms="13323" started-at="2017-04-06T04:15:22Z" finished-at="2017-04-06T04:15:35Z">
    <groups>
    </groups>
    <test name="Test" duration-ms="13323" started-at="2017-04-06T04:15:22Z" finished-at="2017-04-06T04:15:35Z">
      <class name="com.sheth.test.LoginPageTest">
        <test-method status="PASS" signature="beforeSuite()[pri:0, instance:com.sheth.test.LoginPageTest@21213b92]" name="beforeSuite" is-config="true" duration-ms="7689" started-at="2017-04-05T21:15:14Z" finished-at="2017-04-05T21:15:22Z">
          <reporter-output>
          </reporter-output>
        </test-method> <!-- beforeSuite -->
        <test-method status="PASS" signature="before()[pri:0, instance:com.sheth.test.LoginPageTest@21213b92]" name="before" is-config="true" duration-ms="4341" started-at="2017-04-05T21:15:22Z" finished-at="2017-04-05T21:15:26Z">
          <reporter-output>
          </reporter-output>
        </test-method> <!-- before -->
        <test-method status="PASS" signature="testSignIn(java.lang.String, java.lang.String, java.lang.String)[pri:0, instance:com.sheth.test.LoginPageTest@21213b92]" name="testSignIn" duration-ms="4913" started-at="2017-04-05T21:15:28Z" data-provider="signin" finished-at="2017-04-05T21:15:33Z">
          <params>
            <param index="0">
              <value>
                <![CDATA[a@a.com]]>
              </value>
            </param>
            <param index="1">
              <value>
                <![CDATA[test123]]>
              </value>
            </param>
            <param index="2">
              <value>
                <![CDATA[Invalid data]]>
              </value>
            </param>
          </params>
          <reporter-output>
          </reporter-output>
        </test-method> <!-- testSignIn -->
        <test-method status="PASS" signature="testSignIn(java.lang.String, java.lang.String, java.lang.String)[pri:0, instance:com.sheth.test.LoginPageTest@21213b92]" name="testSignIn" duration-ms="1547" started-at="2017-04-05T21:15:33Z" data-provider="signin" finished-at="2017-04-05T21:15:34Z">
          <params>
            <param index="0">
              <value>
                <![CDATA[x@y.com]]>
              </value>
            </param>
            <param index="1">
              <value>
                <![CDATA[test2578]]>
              </value>
            </param>
            <param index="2">
              <value>
                <![CDATA[Invalid data]]>
              </value>
            </param>
          </params>
          <reporter-output>
          </reporter-output>
        </test-method> <!-- testSignIn -->
        <test-method status="PASS" signature="testSignIn(java.lang.String, java.lang.String, java.lang.String)[pri:0, instance:com.sheth.test.LoginPageTest@21213b92]" name="testSignIn" duration-ms="656" started-at="2017-04-05T21:15:34Z" data-provider="signin" finished-at="2017-04-05T21:15:35Z">
          <params>
            <param index="0">
              <value>
                <![CDATA[m@n.com]]>
              </value>
            </param>
            <param index="1">
              <value>
                <![CDATA[test266]]>
              </value>
            </param>
            <param index="2">
              <value>
                <![CDATA[Invalid data]]>
              </value>
            </param>
          </params>
          <reporter-output>
          </reporter-output>
        </test-method> <!-- testSignIn -->
        <test-method status="PASS" signature="testSignIn(java.lang.String, java.lang.String, java.lang.String)[pri:0, instance:com.sheth.test.LoginPageTest@21213b92]" name="testSignIn" duration-ms="442" started-at="2017-04-05T21:15:35Z" data-provider="signin" finished-at="2017-04-05T21:15:35Z">
          <params>
            <param index="0">
              <value>
                <![CDATA[d@s.com]]>
              </value>
            </param>
            <param index="1">
              <value>
                <![CDATA[test1877]]>
              </value>
            </param>
            <param index="2">
              <value>
                <![CDATA[Invalid data]]>
              </value>
            </param>
          </params>
          <reporter-output>
          </reporter-output>
        </test-method> <!-- testSignIn -->
        <test-method status="PASS" signature="afterSuite()[pri:0, instance:com.sheth.test.LoginPageTest@21213b92]" name="afterSuite" is-config="true" duration-ms="2108" started-at="2017-04-05T21:15:35Z" finished-at="2017-04-05T21:15:37Z">
          <reporter-output>
          </reporter-output>
        </test-method> <!-- afterSuite -->
      </class> <!-- com.sheth.test.LoginPageTest -->
    </test> <!-- Test -->
  </suite> <!-- Suite (1) -->
  <suite name="Suite (0)" duration-ms="12716" started-at="2017-04-06T04:15:01Z" finished-at="2017-04-06T04:15:14Z">
    <groups>
    </groups>
    <test name="Test" duration-ms="12716" started-at="2017-04-06T04:15:01Z" finished-at="2017-04-06T04:15:14Z">
      <class name="com.sheth.test.HomePageTest">
        <test-method status="PASS" signature="beforeSuite()[pri:0, instance:com.sheth.test.HomePageTest@ff5b51f]" name="beforeSuite" is-config="true" duration-ms="9209" started-at="2017-04-05T21:14:52Z" finished-at="2017-04-05T21:15:01Z">
          <reporter-output>
          </reporter-output>
        </test-method> <!-- beforeSuite -->
        <test-method status="PASS" signature="before()[pri:0, instance:com.sheth.test.HomePageTest@ff5b51f]" name="before" is-config="true" duration-ms="4" started-at="2017-04-05T21:15:01Z" finished-at="2017-04-05T21:15:01Z">
          <reporter-output>
          </reporter-output>
        </test-method> <!-- before -->
        <test-method status="PASS" signature="testHomePageLogo()[pri:0, instance:com.sheth.test.HomePageTest@ff5b51f]" name="testHomePageLogo" duration-ms="2091" started-at="2017-04-05T21:15:01Z" finished-at="2017-04-05T21:15:03Z">
          <reporter-output>
          </reporter-output>
        </test-method> <!-- testHomePageLogo -->
        <test-method status="PASS" signature="testNavLinks()[pri:0, instance:com.sheth.test.HomePageTest@ff5b51f]" name="testNavLinks" duration-ms="50" started-at="2017-04-05T21:15:03Z" finished-at="2017-04-05T21:15:03Z">
          <reporter-output>
          </reporter-output>
        </test-method> <!-- testNavLinks -->
        <test-method status="FAIL" signature="testSearchBox()[pri:0, instance:com.sheth.test.HomePageTest@ff5b51f]" name="testSearchBox" duration-ms="4678" started-at="2017-04-05T21:15:03Z" finished-at="2017-04-05T21:15:08Z">
          <exception class="java.lang.AssertionError">
            <message>
              <![CDATA[expected [com.sheth.page.SearchPage@15bb5034] but found [com.sheth.page.SearchPage@7db12bb6]]]>
            </message>
            <full-stacktrace>
              <![CDATA[java.lang.AssertionError: expected [com.sheth.page.SearchPage@15bb5034] but found [com.sheth.page.SearchPage@7db12bb6]
	at org.testng.Assert.fail(Assert.java:94)
	at org.testng.Assert.failNotEquals(Assert.java:496)
	at org.testng.Assert.assertEquals(Assert.java:125)
	at org.testng.Assert.assertEquals(Assert.java:167)
	at com.sheth.test.HomePageTest.testSearchBox(HomePageTest.java:34)
	at sun.reflect.NativeMethodAccessorImpl.invoke0(Native Method)
	at sun.reflect.NativeMethodAccessorImpl.invoke(NativeMethodAccessorImpl.java:62)
	at sun.reflect.DelegatingMethodAccessorImpl.invoke(DelegatingMethodAccessorImpl.java:43)
	at java.lang.reflect.Method.invoke(Method.java:497)
	at org.testng.internal.MethodInvocationHelper.invokeMethod(MethodInvocationHelper.java:85)
	at org.testng.internal.Invoker.invokeMethod(Invoker.java:639)
	at org.testng.internal.Invoker.invokeTestMethod(Invoker.java:816)
	at org.testng.internal.Invoker.invokeTestMethods(Invoker.java:1124)
	at org.testng.internal.TestMethodWorker.invokeTestMethods(TestMethodWorker.java:125)
	at org.testng.internal.TestMethodWorker.run(TestMethodWorker.java:108)
	at org.testng.TestRunner.privateRun(TestRunner.java:774)
	at org.testng.TestRunner.run(TestRunner.java:624)
	at org.testng.SuiteRunner.runTest(SuiteRunner.java:359)
	at org.testng.SuiteRunner.runSequentially(SuiteRunner.java:354)
	at org.testng.SuiteRunner.privateRun(SuiteRunner.java:312)
	at org.testng.SuiteRunner.run(SuiteRunner.java:261)
	at org.testng.SuiteRunnerWorker.runSuite(SuiteRunnerWorker.java:52)
	at org.testng.SuiteRunnerWorker.run(SuiteRunnerWorker.java:86)
	at org.testng.TestNG.runSuitesSequentially(TestNG.java:1215)
	at org.testng.TestNG.runSuitesSequentially(TestNG.java:1211)
	at org.testng.TestNG.runSuitesLocally(TestNG.java:1140)
	at org.testng.TestNG.run(TestNG.java:1048)
	at org.testng.remote.AbstractRemoteTestNG.run(AbstractRemoteTestNG.java:132)
	at org.testng.remote.RemoteTestNG.initAndRun(RemoteTestNG.java:236)
	at org.testng.remote.RemoteTestNG.main(RemoteTestNG.java:81)
]]>
            </full-stacktrace>
          </exception> <!-- java.lang.AssertionError -->
          <reporter-output>
          </reporter-output>
        </test-method> <!-- testSearchBox -->
        <test-method status="PASS" signature="testSignInLink()[pri:0, instance:com.sheth.test.HomePageTest@ff5b51f]" name="testSignInLink" duration-ms="5835" started-at="2017-04-05T21:15:08Z" finished-at="2017-04-05T21:15:14Z">
          <reporter-output>
          </reporter-output>
        </test-method> <!-- testSignInLink -->
        <test-method status="PASS" signature="afterSuite()[pri:0, instance:com.sheth.test.HomePageTest@ff5b51f]" name="afterSuite" is-config="true" duration-ms="166" started-at="2017-04-05T21:15:14Z" finished-at="2017-04-05T21:15:14Z">
          <reporter-output>
          </reporter-output>
        </test-method> <!-- afterSuite -->
      </class> <!-- com.sheth.test.HomePageTest -->
    </test> <!-- Test -->
  </suite> <!-- Suite (0) -->
  <suite name="Suite (3)" duration-ms="16815" started-at="2017-04-06T04:16:00Z" finished-at="2017-04-06T04:16:17Z">
    <groups>
    </groups>
    <test name="Test" duration-ms="16815" started-at="2017-04-06T04:16:00Z" finished-at="2017-04-06T04:16:17Z">
      <class name="com.sheth.test.SearchPageTest">
        <test-method status="PASS" signature="beforeSuite()[pri:0, instance:com.sheth.test.SearchPageTest@4e9ba398]" name="beforeSuite" is-config="true" duration-ms="7846" started-at="2017-04-05T21:15:52Z" finished-at="2017-04-05T21:16:00Z">
          <reporter-output>
          </reporter-output>
        </test-method> <!-- beforeSuite -->
        <test-method status="PASS" signature="before()[pri:0, instance:com.sheth.test.SearchPageTest@4e9ba398]" name="before" is-config="true" duration-ms="9773" started-at="2017-04-05T21:16:00Z" finished-at="2017-04-05T21:16:10Z">
          <reporter-output>
          </reporter-output>
        </test-method> <!-- before -->
        <test-method status="FAIL" signature="testSearchPageVerifyTitle()[pri:0, instance:com.sheth.test.SearchPageTest@4e9ba398]" name="testSearchPageVerifyTitle" duration-ms="173" started-at="2017-04-05T21:16:10Z" finished-at="2017-04-05T21:16:10Z">
          <exception class="java.lang.NullPointerException">
            <full-stacktrace>
              <![CDATA[java.lang.NullPointerException
	at com.sheth.page.SearchPage.searchPageVerifyTitle(SearchPage.java:28)
	at com.sheth.test.SearchPageTest.testSearchPageVerifyTitle(SearchPageTest.java:24)
	at sun.reflect.NativeMethodAccessorImpl.invoke0(Native Method)
	at sun.reflect.NativeMethodAccessorImpl.invoke(NativeMethodAccessorImpl.java:62)
	at sun.reflect.DelegatingMethodAccessorImpl.invoke(DelegatingMethodAccessorImpl.java:43)
	at java.lang.reflect.Method.invoke(Method.java:497)
	at org.testng.internal.MethodInvocationHelper.invokeMethod(MethodInvocationHelper.java:85)
	at org.testng.internal.Invoker.invokeMethod(Invoker.java:639)
	at org.testng.internal.Invoker.invokeTestMethod(Invoker.java:816)
	at org.testng.internal.Invoker.invokeTestMethods(Invoker.java:1124)
	at org.testng.internal.TestMethodWorker.invokeTestMethods(TestMethodWorker.java:125)
	at org.testng.internal.TestMethodWorker.run(TestMethodWorker.java:108)
	at org.testng.TestRunner.privateRun(TestRunner.java:774)
	at org.testng.TestRunner.run(TestRunner.java:624)
	at org.testng.SuiteRunner.runTest(SuiteRunner.java:359)
	at org.testng.SuiteRunner.runSequentially(SuiteRunner.java:354)
	at org.testng.SuiteRunner.privateRun(SuiteRunner.java:312)
	at org.testng.SuiteRunner.run(SuiteRunner.java:261)
	at org.testng.SuiteRunnerWorker.runSuite(SuiteRunnerWorker.java:52)
	at org.testng.SuiteRunnerWorker.run(SuiteRunnerWorker.java:86)
	at org.testng.TestNG.runSuitesSequentially(TestNG.java:1215)
	at org.testng.TestNG.runSuitesSequentially(TestNG.java:1211)
	at org.testng.TestNG.runSuitesLocally(TestNG.java:1140)
	at org.testng.TestNG.run(TestNG.java:1048)
	at org.testng.remote.AbstractRemoteTestNG.run(AbstractRemoteTestNG.java:132)
	at org.testng.remote.RemoteTestNG.initAndRun(RemoteTestNG.java:236)
	at org.testng.remote.RemoteTestNG.main(RemoteTestNG.java:81)
]]>
            </full-stacktrace>
          </exception> <!-- java.lang.NullPointerException -->
          <reporter-output>
          </reporter-output>
        </test-method> <!-- testSearchPageVerifyTitle -->
        <test-method status="FAIL" signature="testSortResults()[pri:0, instance:com.sheth.test.SearchPageTest@4e9ba398]" name="testSortResults" duration-ms="6858" started-at="2017-04-05T21:16:10Z" finished-at="2017-04-05T21:16:17Z">
          <exception class="java.lang.AssertionError">
            <message>
              <![CDATA[expected [Amazon Best Sellers: Best Women's Wrist Watches] but found [Amazon.com: Casio Men's MQ24-1E Black Resin Watch: Casio: Watches]]]>
            </message>
            <full-stacktrace>
              <![CDATA[java.lang.AssertionError: expected [Amazon Best Sellers: Best Women's Wrist Watches] but found [Amazon.com: Casio Men's MQ24-1E Black Resin Watch: Casio: Watches]
	at org.testng.Assert.fail(Assert.java:94)
	at org.testng.Assert.failNotEquals(Assert.java:496)
	at org.testng.Assert.assertEquals(Assert.java:125)
	at org.testng.Assert.assertEquals(Assert.java:178)
	at org.testng.Assert.assertEquals(Assert.java:188)
	at com.sheth.test.SearchPageTest.testSortResults(SearchPageTest.java:29)
	at sun.reflect.NativeMethodAccessorImpl.invoke0(Native Method)
	at sun.reflect.NativeMethodAccessorImpl.invoke(NativeMethodAccessorImpl.java:62)
	at sun.reflect.DelegatingMethodAccessorImpl.invoke(DelegatingMethodAccessorImpl.java:43)
	at java.lang.reflect.Method.invoke(Method.java:497)
	at org.testng.internal.MethodInvocationHelper.invokeMethod(MethodInvocationHelper.java:85)
	at org.testng.internal.Invoker.invokeMethod(Invoker.java:639)
	at org.testng.internal.Invoker.invokeTestMethod(Invoker.java:816)
	at org.testng.internal.Invoker.invokeTestMethods(Invoker.java:1124)
	at org.testng.internal.TestMethodWorker.invokeTestMethods(TestMethodWorker.java:125)
	at org.testng.internal.TestMethodWorker.run(TestMethodWorker.java:108)
	at org.testng.TestRunner.privateRun(TestRunner.java:774)
	at org.testng.TestRunner.run(TestRunner.java:624)
	at org.testng.SuiteRunner.runTest(SuiteRunner.java:359)
	at org.testng.SuiteRunner.runSequentially(SuiteRunner.java:354)
	at org.testng.SuiteRunner.privateRun(SuiteRunner.java:312)
	at org.testng.SuiteRunner.run(SuiteRunner.java:261)
	at org.testng.SuiteRunnerWorker.runSuite(SuiteRunnerWorker.java:52)
	at org.testng.SuiteRunnerWorker.run(SuiteRunnerWorker.java:86)
	at org.testng.TestNG.runSuitesSequentially(TestNG.java:1215)
	at org.testng.TestNG.runSuitesSequentially(TestNG.java:1211)
	at org.testng.TestNG.runSuitesLocally(TestNG.java:1140)
	at org.testng.TestNG.run(TestNG.java:1048)
	at org.testng.remote.AbstractRemoteTestNG.run(AbstractRemoteTestNG.java:132)
	at org.testng.remote.RemoteTestNG.initAndRun(RemoteTestNG.java:236)
	at org.testng.remote.RemoteTestNG.main(RemoteTestNG.java:81)
]]>
            </full-stacktrace>
          </exception> <!-- java.lang.AssertionError -->
          <reporter-output>
          </reporter-output>
        </test-method> <!-- testSortResults -->
        <test-method status="PASS" signature="afterSuite()[pri:0, instance:com.sheth.test.SearchPageTest@4e9ba398]" name="afterSuite" is-config="true" duration-ms="2116" started-at="2017-04-05T21:16:17Z" finished-at="2017-04-05T21:16:19Z">
          <reporter-output>
          </reporter-output>
        </test-method> <!-- afterSuite -->
      </class> <!-- com.sheth.test.SearchPageTest -->
    </test> <!-- Test -->
  </suite> <!-- Suite (3) -->
  <suite name="Suite (2)" duration-ms="7822" started-at="2017-04-06T04:15:44Z" finished-at="2017-04-06T04:15:52Z">
    <groups>
    </groups>
    <test name="Test" duration-ms="7822" started-at="2017-04-06T04:15:44Z" finished-at="2017-04-06T04:15:52Z">
      <class name="com.sheth.test.NewCustomerPageTest">
        <test-method status="PASS" signature="beforeSuite()[pri:0, instance:com.sheth.test.NewCustomerPageTest@4fe3c938]" name="beforeSuite" is-config="true" duration-ms="7019" started-at="2017-04-05T21:15:37Z" finished-at="2017-04-05T21:15:44Z">
          <reporter-output>
          </reporter-output>
        </test-method> <!-- beforeSuite -->
        <test-method status="PASS" signature="before()[pri:0, instance:com.sheth.test.NewCustomerPageTest@4fe3c938]" name="before" is-config="true" duration-ms="3477" started-at="2017-04-05T21:15:44Z" finished-at="2017-04-05T21:15:48Z">
          <reporter-output>
          </reporter-output>
        </test-method> <!-- before -->
        <test-method status="PASS" signature="testNewCustomer()[pri:0, instance:com.sheth.test.NewCustomerPageTest@4fe3c938]" name="testNewCustomer" duration-ms="4343" started-at="2017-04-05T21:15:48Z" finished-at="2017-04-05T21:15:52Z">
          <reporter-output>
          </reporter-output>
        </test-method> <!-- testNewCustomer -->
        <test-method status="PASS" signature="afterSuite()[pri:0, instance:com.sheth.test.NewCustomerPageTest@4fe3c938]" name="afterSuite" is-config="true" duration-ms="174" started-at="2017-04-05T21:15:52Z" finished-at="2017-04-05T21:15:52Z">
          <reporter-output>
          </reporter-output>
        </test-method> <!-- afterSuite -->
      </class> <!-- com.sheth.test.NewCustomerPageTest -->
    </test> <!-- Test -->
  </suite> <!-- Suite (2) -->
</testng-results>
